<?xml version="1.0" encoding="utf-8"?><testsuites><testsuite name="pytest" errors="0" failures="0" skipped="0" tests="4" time="9.618" timestamp="2025-03-06T00:19:28.403443" hostname="SEA-1802098567"><testcase classname="test_runtime" name="test_base_image_security" time="0.556" /><testcase classname="test_runtime" name="test_base_image_tools" time="2.620" /><testcase classname="test_runtime" name="test_python_security_wrapper" time="0.792" /><testcase classname="test_runtime" name="test_nodejs_security_wrapper" time="0.684" /><testcase time="0.010" /></testsuite></testsuites>